*** Using Compiler 'V5.06 update 7 (build 960)', folder: 'D:\Keil_v5\ARM\ARM_Compiler_5.06u7\Bin'
Build target 'freertos_Learn'
assembling startup_stm32f103xe.s...
compiling main.c...
compiling stm32f1xx_hal_msp.c...
compiling stm32f1xx_it.c...
compiling stm32f1xx_hal_tim.c...
compiling stm32f1xx_hal_gpio_ex.c...
compiling freertos_demo.c...
compiling stm32f1xx_hal_tim_ex.c...
compiling stm32f1xx_hal.c...
compiling stm32f1xx_hal_rcc.c...
compiling stm32f1xx_hal_gpio.c...
compiling stm32f1xx_hal_rcc_ex.c...
compiling stm32f1xx_hal_dma.c...
compiling stm32f1xx_hal_cortex.c...
compiling stm32f1xx_hal_pwr.c...
compiling stm32f1xx_hal_flash.c...
compiling stm32f1xx_hal_flash_ex.c...
compiling stm32f1xx_hal_exti.c...
compiling system_stm32f1xx.c...
compiling croutine.c...
compiling list.c...
compiling event_groups.c...
compiling queue.c...
compiling stream_buffer.c...
compiling timers.c...
compiling heap_4.c...
compiling tasks.c...
compiling port.c...
linking...
Program Size: Code=5652 RO-data=352 RW-data=128 ZI-data=18632  
FromELF: creating hex file...
"..\..\Output\freertos_Learn.axf" - 0 Error(s), 0 Warning(s).
Build Time Elapsed:  00:00:26
